<?xml version="1.0" encoding="UTF-8"?>
<testng-results ignored="0" total="2" passed="2" failed="0" skipped="0">
  <reporter-output>
  </reporter-output>
  <suite started-at="2024-04-01T11:34:57 IST" name="Suite" finished-at="2024-04-01T11:36:24 IST" duration-ms="87233">
    <groups>
    </groups>
    <test started-at="2024-04-01T11:34:57 IST" name="Test" finished-at="2024-04-01T11:36:24 IST" duration-ms="87233">
      <class name="RWS.tests.AccessibilityTest">
        <test-method signature="Accessibility(java.lang.String)[pri:0, instance:RWS.tests.AccessibilityTest@451001e5]" started-at="2024-04-01T11:34:57 IST" name="Accessibility" data-provider="getData" finished-at="2024-04-01T11:35:39 IST" duration-ms="42200" status="PASS">
          <params>
            <param index="0">
              <value>
                <![CDATA[https://www.heart.org/]]>
              </value>
            </param>
          </params>
          <reporter-output>
          </reporter-output>
        </test-method> <!-- Accessibility -->
        <test-method is-config="true" signature="closeBrowser()[pri:0, instance:RWS.tests.AccessibilityTest@451001e5]" started-at="2024-04-01T11:35:39 IST" name="closeBrowser" finished-at="2024-04-01T11:35:39 IST" duration-ms="154" status="PASS">
          <reporter-output>
          </reporter-output>
        </test-method> <!-- closeBrowser -->
        <test-method signature="Accessibility(java.lang.String)[pri:0, instance:RWS.tests.AccessibilityTest@451001e5]" started-at="2024-04-01T11:35:39 IST" name="Accessibility" data-provider="getData" finished-at="2024-04-01T11:36:24 IST" duration-ms="44696" status="PASS">
          <params>
            <param index="0">
              <value>
                <![CDATA[https://www.heart.org/en/about-us/heart-attack-and-stroke-symptoms]]>
              </value>
            </param>
          </params>
          <reporter-output>
          </reporter-output>
        </test-method> <!-- Accessibility -->
        <test-method is-config="true" signature="closeBrowser()[pri:0, instance:RWS.tests.AccessibilityTest@451001e5]" started-at="2024-04-01T11:36:24 IST" name="closeBrowser" finished-at="2024-04-01T11:36:24 IST" duration-ms="143" status="PASS">
          <reporter-output>
          </reporter-output>
        </test-method> <!-- closeBrowser -->
      </class> <!-- RWS.tests.AccessibilityTest -->
    </test> <!-- Test -->
  </suite> <!-- Suite -->
</testng-results>
