<?xml version="1.0" encoding="UTF-8"?>
<testng-results ignored="0" total="1" passed="1" failed="0" skipped="0">
  <reporter-output>
  </reporter-output>
  <suite started-at="2024-06-03T15:10:21 IST" name="Suite" finished-at="2024-06-03T15:21:52 IST" duration-ms="691230">
    <groups>
    </groups>
    <test started-at="2024-06-03T15:10:21 IST" name="Test" finished-at="2024-06-03T15:21:52 IST" duration-ms="691230">
      <class name="RWS.tests.AccessibilityTest">
        <test-method signature="Perceivable(java.lang.String)[pri:0, instance:RWS.tests.AccessibilityTest@5efa40fe]" started-at="2024-06-03T15:10:21 IST" name="Perceivable" data-provider="getData" finished-at="2024-06-03T15:21:52 IST" duration-ms="691030" status="PASS">
          <params>
            <param index="0">
              <value>
                <![CDATA[https://www.heart.org/]]>
              </value>
            </param>
          </params>
          <reporter-output>
          </reporter-output>
        </test-method> <!-- Perceivable -->
        <test-method is-config="true" signature="closeBrowser()[pri:0, instance:RWS.tests.AccessibilityTest@5efa40fe]" started-at="2024-06-03T15:21:52 IST" name="closeBrowser" finished-at="2024-06-03T15:21:52 IST" duration-ms="169" status="PASS">
          <reporter-output>
          </reporter-output>
        </test-method> <!-- closeBrowser -->
      </class> <!-- RWS.tests.AccessibilityTest -->
    </test> <!-- Test -->
  </suite> <!-- Suite -->
</testng-results>
